<?xml version="1.0" encoding="UTF-8"?>
<testsuite name="ru.avtotest.ab.tests.GroupUpdateTests" tests="1" skipped="1" failures="0" errors="0" timestamp="2019-08-28T18:47:41" hostname="bayron013-ПК" time="0.0">
  <properties/>
  <testcase name="testGroupUpdate" classname="ru.avtotest.ab.tests.GroupUpdateTests" time="0.0">
    <skipped/>
  </testcase>
  <system-out><![CDATA[]]></system-out>
  <system-err><![CDATA[]]></system-err>
</testsuite>
